[2022-11-16T22:12:24.065+0000] {taskinstance.py:1165} INFO - Dependencies all met for <TaskInstance: Assignment-7.copy_videos_op scheduled__2022-11-15T22:11:57.391322+00:00 [queued]>
[2022-11-16T22:12:24.108+0000] {taskinstance.py:1165} INFO - Dependencies all met for <TaskInstance: Assignment-7.copy_videos_op scheduled__2022-11-15T22:11:57.391322+00:00 [queued]>
[2022-11-16T22:12:24.108+0000] {taskinstance.py:1362} INFO - 
--------------------------------------------------------------------------------
[2022-11-16T22:12:24.109+0000] {taskinstance.py:1363} INFO - Starting attempt 1 of 1
[2022-11-16T22:12:24.111+0000] {taskinstance.py:1364} INFO - 
--------------------------------------------------------------------------------
[2022-11-16T22:12:24.156+0000] {taskinstance.py:1383} INFO - Executing <Task(PythonOperator): copy_videos_op> on 2022-11-15 22:11:57.391322+00:00
[2022-11-16T22:12:24.173+0000] {standard_task_runner.py:54} INFO - Started process 234 to run task
[2022-11-16T22:12:24.190+0000] {standard_task_runner.py:82} INFO - Running: ['***', 'tasks', 'run', 'Assignment-7', 'copy_videos_op', 'scheduled__2022-11-15T22:11:57.391322+00:00', '--job-id', '6', '--raw', '--subdir', 'DAGS_FOLDER/videos_dag.py', '--cfg-path', '/tmp/tmpoba1d14f']
[2022-11-16T22:12:24.192+0000] {standard_task_runner.py:83} INFO - Job 6: Subtask copy_videos_op
[2022-11-16T22:12:24.197+0000] {dagbag.py:525} INFO - Filling up the DagBag from /opt/***/dags/videos_dag.py
[2022-11-16T22:12:24.447+0000] {task_command.py:384} INFO - Running <TaskInstance: Assignment-7.copy_videos_op scheduled__2022-11-15T22:11:57.391322+00:00 [running]> on host 7a70df32a740
[2022-11-16T22:12:24.927+0000] {taskinstance.py:1592} INFO - Exporting the following env vars:
AIRFLOW_CTX_DAG_OWNER=***
AIRFLOW_CTX_DAG_ID=Assignment-7
AIRFLOW_CTX_TASK_ID=copy_videos_op
AIRFLOW_CTX_EXECUTION_DATE=2022-11-15T22:11:57.391322+00:00
AIRFLOW_CTX_TRY_NUMBER=1
AIRFLOW_CTX_DAG_RUN_ID=scheduled__2022-11-15T22:11:57.391322+00:00
[2022-11-16T22:12:25.272+0000] {python.py:177} INFO - Done. Returned value was: None
[2022-11-16T22:12:25.301+0000] {taskinstance.py:1406} INFO - Marking task as SUCCESS. dag_id=Assignment-7, task_id=copy_videos_op, execution_date=20221115T221157, start_date=20221116T221224, end_date=20221116T221225
[2022-11-16T22:12:25.462+0000] {local_task_job.py:164} INFO - Task exited with return code 0
[2022-11-16T22:12:25.645+0000] {local_task_job.py:273} INFO - 2 downstream tasks scheduled from follow-on schedule check
