[2022-11-16T22:12:23.746+0000] {taskinstance.py:1165} INFO - Dependencies all met for <TaskInstance: Assignment-7.copy_categories_op scheduled__2022-11-15T22:11:57.391322+00:00 [queued]>
[2022-11-16T22:12:23.777+0000] {taskinstance.py:1165} INFO - Dependencies all met for <TaskInstance: Assignment-7.copy_categories_op scheduled__2022-11-15T22:11:57.391322+00:00 [queued]>
[2022-11-16T22:12:23.777+0000] {taskinstance.py:1362} INFO - 
--------------------------------------------------------------------------------
[2022-11-16T22:12:23.777+0000] {taskinstance.py:1363} INFO - Starting attempt 1 of 1
[2022-11-16T22:12:23.778+0000] {taskinstance.py:1364} INFO - 
--------------------------------------------------------------------------------
[2022-11-16T22:12:23.829+0000] {taskinstance.py:1383} INFO - Executing <Task(PythonOperator): copy_categories_op> on 2022-11-15 22:11:57.391322+00:00
[2022-11-16T22:12:23.868+0000] {standard_task_runner.py:54} INFO - Started process 232 to run task
[2022-11-16T22:12:23.904+0000] {standard_task_runner.py:82} INFO - Running: ['***', 'tasks', 'run', 'Assignment-7', 'copy_categories_op', 'scheduled__2022-11-15T22:11:57.391322+00:00', '--job-id', '4', '--raw', '--subdir', 'DAGS_FOLDER/videos_dag.py', '--cfg-path', '/tmp/tmpa92vglme']
[2022-11-16T22:12:23.905+0000] {standard_task_runner.py:83} INFO - Job 4: Subtask copy_categories_op
[2022-11-16T22:12:23.907+0000] {dagbag.py:525} INFO - Filling up the DagBag from /opt/***/dags/videos_dag.py
[2022-11-16T22:12:24.133+0000] {task_command.py:384} INFO - Running <TaskInstance: Assignment-7.copy_categories_op scheduled__2022-11-15T22:11:57.391322+00:00 [running]> on host 7a70df32a740
[2022-11-16T22:12:24.390+0000] {taskinstance.py:1592} INFO - Exporting the following env vars:
AIRFLOW_CTX_DAG_OWNER=***
AIRFLOW_CTX_DAG_ID=Assignment-7
AIRFLOW_CTX_TASK_ID=copy_categories_op
AIRFLOW_CTX_EXECUTION_DATE=2022-11-15T22:11:57.391322+00:00
AIRFLOW_CTX_TRY_NUMBER=1
AIRFLOW_CTX_DAG_RUN_ID=scheduled__2022-11-15T22:11:57.391322+00:00
[2022-11-16T22:12:24.479+0000] {python.py:177} INFO - Done. Returned value was: None
[2022-11-16T22:12:24.501+0000] {taskinstance.py:1406} INFO - Marking task as SUCCESS. dag_id=Assignment-7, task_id=copy_categories_op, execution_date=20221115T221157, start_date=20221116T221223, end_date=20221116T221224
[2022-11-16T22:12:24.589+0000] {local_task_job.py:164} INFO - Task exited with return code 0
[2022-11-16T22:12:24.822+0000] {local_task_job.py:273} INFO - 0 downstream tasks scheduled from follow-on schedule check
