[2022-11-16T22:12:23.912+0000] {taskinstance.py:1165} INFO - Dependencies all met for <TaskInstance: Assignment-7.copy_users scheduled__2022-11-15T22:11:57.391322+00:00 [queued]>
[2022-11-16T22:12:23.982+0000] {taskinstance.py:1165} INFO - Dependencies all met for <TaskInstance: Assignment-7.copy_users scheduled__2022-11-15T22:11:57.391322+00:00 [queued]>
[2022-11-16T22:12:23.984+0000] {taskinstance.py:1362} INFO - 
--------------------------------------------------------------------------------
[2022-11-16T22:12:23.987+0000] {taskinstance.py:1363} INFO - Starting attempt 1 of 1
[2022-11-16T22:12:23.987+0000] {taskinstance.py:1364} INFO - 
--------------------------------------------------------------------------------
[2022-11-16T22:12:24.045+0000] {taskinstance.py:1383} INFO - Executing <Task(PythonOperator): copy_users> on 2022-11-15 22:11:57.391322+00:00
[2022-11-16T22:12:24.099+0000] {standard_task_runner.py:54} INFO - Started process 233 to run task
[2022-11-16T22:12:24.126+0000] {standard_task_runner.py:82} INFO - Running: ['***', 'tasks', 'run', 'Assignment-7', 'copy_users', 'scheduled__2022-11-15T22:11:57.391322+00:00', '--job-id', '5', '--raw', '--subdir', 'DAGS_FOLDER/videos_dag.py', '--cfg-path', '/tmp/tmp4sxy2gun']
[2022-11-16T22:12:24.127+0000] {standard_task_runner.py:83} INFO - Job 5: Subtask copy_users
[2022-11-16T22:12:24.128+0000] {dagbag.py:525} INFO - Filling up the DagBag from /opt/***/dags/videos_dag.py
[2022-11-16T22:12:24.369+0000] {task_command.py:384} INFO - Running <TaskInstance: Assignment-7.copy_users scheduled__2022-11-15T22:11:57.391322+00:00 [running]> on host 7a70df32a740
[2022-11-16T22:12:24.816+0000] {taskinstance.py:1592} INFO - Exporting the following env vars:
AIRFLOW_CTX_DAG_OWNER=***
AIRFLOW_CTX_DAG_ID=Assignment-7
AIRFLOW_CTX_TASK_ID=copy_users
AIRFLOW_CTX_EXECUTION_DATE=2022-11-15T22:11:57.391322+00:00
AIRFLOW_CTX_TRY_NUMBER=1
AIRFLOW_CTX_DAG_RUN_ID=scheduled__2022-11-15T22:11:57.391322+00:00
[2022-11-16T22:12:25.138+0000] {python.py:177} INFO - Done. Returned value was: None
[2022-11-16T22:12:25.171+0000] {taskinstance.py:1406} INFO - Marking task as SUCCESS. dag_id=Assignment-7, task_id=copy_users, execution_date=20221115T221157, start_date=20221116T221223, end_date=20221116T221225
[2022-11-16T22:12:25.273+0000] {local_task_job.py:164} INFO - Task exited with return code 0
[2022-11-16T22:12:25.464+0000] {local_task_job.py:273} INFO - 1 downstream tasks scheduled from follow-on schedule check
