[2022-11-16T22:12:18.055+0000] {taskinstance.py:1165} INFO - Dependencies all met for <TaskInstance: Assignment-7.copy_views scheduled__2022-11-15T22:11:57.391322+00:00 [queued]>
[2022-11-16T22:12:18.091+0000] {taskinstance.py:1165} INFO - Dependencies all met for <TaskInstance: Assignment-7.copy_views scheduled__2022-11-15T22:11:57.391322+00:00 [queued]>
[2022-11-16T22:12:18.092+0000] {taskinstance.py:1362} INFO - 
--------------------------------------------------------------------------------
[2022-11-16T22:12:18.092+0000] {taskinstance.py:1363} INFO - Starting attempt 1 of 1
[2022-11-16T22:12:18.092+0000] {taskinstance.py:1364} INFO - 
--------------------------------------------------------------------------------
[2022-11-16T22:12:18.143+0000] {taskinstance.py:1383} INFO - Executing <Task(PythonOperator): copy_views> on 2022-11-15 22:11:57.391322+00:00
[2022-11-16T22:12:18.157+0000] {standard_task_runner.py:54} INFO - Started process 228 to run task
[2022-11-16T22:12:18.181+0000] {standard_task_runner.py:82} INFO - Running: ['***', 'tasks', 'run', 'Assignment-7', 'copy_views', 'scheduled__2022-11-15T22:11:57.391322+00:00', '--job-id', '3', '--raw', '--subdir', 'DAGS_FOLDER/videos_dag.py', '--cfg-path', '/tmp/tmpojmzzuh0']
[2022-11-16T22:12:18.182+0000] {standard_task_runner.py:83} INFO - Job 3: Subtask copy_views
[2022-11-16T22:12:18.185+0000] {dagbag.py:525} INFO - Filling up the DagBag from /opt/***/dags/videos_dag.py
[2022-11-16T22:12:18.467+0000] {task_command.py:384} INFO - Running <TaskInstance: Assignment-7.copy_views scheduled__2022-11-15T22:11:57.391322+00:00 [running]> on host 7a70df32a740
[2022-11-16T22:12:18.783+0000] {taskinstance.py:1592} INFO - Exporting the following env vars:
AIRFLOW_CTX_DAG_OWNER=***
AIRFLOW_CTX_DAG_ID=Assignment-7
AIRFLOW_CTX_TASK_ID=copy_views
AIRFLOW_CTX_EXECUTION_DATE=2022-11-15T22:11:57.391322+00:00
AIRFLOW_CTX_TRY_NUMBER=1
AIRFLOW_CTX_DAG_RUN_ID=scheduled__2022-11-15T22:11:57.391322+00:00
[2022-11-16T22:12:21.857+0000] {python.py:177} INFO - Done. Returned value was: None
[2022-11-16T22:12:21.886+0000] {taskinstance.py:1406} INFO - Marking task as SUCCESS. dag_id=Assignment-7, task_id=copy_views, execution_date=20221115T221157, start_date=20221116T221218, end_date=20221116T221221
[2022-11-16T22:12:21.932+0000] {local_task_job.py:164} INFO - Task exited with return code 0
[2022-11-16T22:12:22.000+0000] {local_task_job.py:273} INFO - 3 downstream tasks scheduled from follow-on schedule check
