[2022-11-16T22:12:28.288+0000] {taskinstance.py:1165} INFO - Dependencies all met for <TaskInstance: Assignment-7.insert_least_watched_categories scheduled__2022-11-15T22:11:57.391322+00:00 [queued]>
[2022-11-16T22:12:28.350+0000] {taskinstance.py:1165} INFO - Dependencies all met for <TaskInstance: Assignment-7.insert_least_watched_categories scheduled__2022-11-15T22:11:57.391322+00:00 [queued]>
[2022-11-16T22:12:28.351+0000] {taskinstance.py:1362} INFO - 
--------------------------------------------------------------------------------
[2022-11-16T22:12:28.351+0000] {taskinstance.py:1363} INFO - Starting attempt 1 of 1
[2022-11-16T22:12:28.351+0000] {taskinstance.py:1364} INFO - 
--------------------------------------------------------------------------------
[2022-11-16T22:12:28.414+0000] {taskinstance.py:1383} INFO - Executing <Task(PythonOperator): insert_least_watched_categories> on 2022-11-15 22:11:57.391322+00:00
[2022-11-16T22:12:28.431+0000] {standard_task_runner.py:54} INFO - Started process 248 to run task
[2022-11-16T22:12:28.443+0000] {standard_task_runner.py:82} INFO - Running: ['***', 'tasks', 'run', 'Assignment-7', 'insert_least_watched_categories', 'scheduled__2022-11-15T22:11:57.391322+00:00', '--job-id', '8', '--raw', '--subdir', 'DAGS_FOLDER/videos_dag.py', '--cfg-path', '/tmp/tmpc3jhq21r']
[2022-11-16T22:12:28.452+0000] {standard_task_runner.py:83} INFO - Job 8: Subtask insert_least_watched_categories
[2022-11-16T22:12:28.454+0000] {dagbag.py:525} INFO - Filling up the DagBag from /opt/***/dags/videos_dag.py
[2022-11-16T22:12:29.256+0000] {task_command.py:384} INFO - Running <TaskInstance: Assignment-7.insert_least_watched_categories scheduled__2022-11-15T22:11:57.391322+00:00 [running]> on host 7a70df32a740
[2022-11-16T22:12:30.462+0000] {taskinstance.py:1592} INFO - Exporting the following env vars:
AIRFLOW_CTX_DAG_OWNER=***
AIRFLOW_CTX_DAG_ID=Assignment-7
AIRFLOW_CTX_TASK_ID=insert_least_watched_categories
AIRFLOW_CTX_EXECUTION_DATE=2022-11-15T22:11:57.391322+00:00
AIRFLOW_CTX_TRY_NUMBER=1
AIRFLOW_CTX_DAG_RUN_ID=scheduled__2022-11-15T22:11:57.391322+00:00
[2022-11-16T22:12:30.801+0000] {python.py:177} INFO - Done. Returned value was: None
[2022-11-16T22:12:30.936+0000] {taskinstance.py:1406} INFO - Marking task as SUCCESS. dag_id=Assignment-7, task_id=insert_least_watched_categories, execution_date=20221115T221157, start_date=20221116T221228, end_date=20221116T221230
[2022-11-16T22:12:31.140+0000] {local_task_job.py:164} INFO - Task exited with return code 0
[2022-11-16T22:12:31.352+0000] {local_task_job.py:273} INFO - 0 downstream tasks scheduled from follow-on schedule check
