[2022-11-16T22:09:19.089+0000] {manager.py:483} INFO - Processing files using up to 2 processes at a time 
[2022-11-16T22:09:19.107+0000] {manager.py:484} INFO - Process each file at most once every 30 seconds
[2022-11-16T22:09:19.112+0000] {manager.py:486} INFO - Checking for new files in /opt/airflow/dags every 300 seconds
[2022-11-16T22:09:19.112+0000] {manager.py:724} INFO - Searching for files in /opt/airflow/dags
[2022-11-16T22:09:19.144+0000] {manager.py:727} INFO - There are 1 files in /opt/airflow/dags
[2022-11-16T22:09:19.633+0000] {manager.py:846} INFO - 
================================================================================
DAG File Processing Stats

File Path                          PID  Runtime      # DAGs    # Errors  Last Runtime    Last Run
-------------------------------  -----  ---------  --------  ----------  --------------  ----------
/opt/airflow/dags/videos_dag.py     87  0.24s             0           0
================================================================================
[2022-11-16T22:09:49.771+0000] {manager.py:846} INFO - 
================================================================================
DAG File Processing Stats

File Path                        PID    Runtime      # DAGs    # Errors  Last Runtime    Last Run
-------------------------------  -----  ---------  --------  ----------  --------------  -------------------
/opt/airflow/dags/videos_dag.py                           1           0  6.29s           2022-11-16T22:09:25
================================================================================
[2022-11-16T22:10:19.943+0000] {manager.py:846} INFO - 
================================================================================
DAG File Processing Stats

File Path                        PID    Runtime      # DAGs    # Errors  Last Runtime    Last Run
-------------------------------  -----  ---------  --------  ----------  --------------  -------------------
/opt/airflow/dags/videos_dag.py                           1           0  0.31s           2022-11-16T22:09:56
================================================================================
[2022-11-16T22:10:50.391+0000] {manager.py:846} INFO - 
================================================================================
DAG File Processing Stats

File Path                        PID    Runtime      # DAGs    # Errors  Last Runtime    Last Run
-------------------------------  -----  ---------  --------  ----------  --------------  -------------------
/opt/airflow/dags/videos_dag.py                           1           0  0.21s           2022-11-16T22:10:26
================================================================================
[2022-11-16T22:11:20.724+0000] {manager.py:846} INFO - 
================================================================================
DAG File Processing Stats

File Path                        PID    Runtime      # DAGs    # Errors  Last Runtime    Last Run
-------------------------------  -----  ---------  --------  ----------  --------------  -------------------
/opt/airflow/dags/videos_dag.py                           1           0  0.18s           2022-11-16T22:10:56
================================================================================
[2022-11-16T22:11:51.031+0000] {manager.py:846} INFO - 
================================================================================
DAG File Processing Stats

File Path                        PID    Runtime      # DAGs    # Errors  Last Runtime    Last Run
-------------------------------  -----  ---------  --------  ----------  --------------  -------------------
/opt/airflow/dags/videos_dag.py                           1           0  0.19s           2022-11-16T22:11:27
================================================================================
[2022-11-16T22:12:21.408+0000] {manager.py:846} INFO - 
================================================================================
DAG File Processing Stats

File Path                        PID    Runtime      # DAGs    # Errors  Last Runtime    Last Run
-------------------------------  -----  ---------  --------  ----------  --------------  -------------------
/opt/airflow/dags/videos_dag.py                           1           0  0.19s           2022-11-16T22:11:57
================================================================================
[2022-11-16T22:12:51.841+0000] {manager.py:846} INFO - 
================================================================================
DAG File Processing Stats

File Path                        PID    Runtime      # DAGs    # Errors  Last Runtime    Last Run
-------------------------------  -----  ---------  --------  ----------  --------------  -------------------
/opt/airflow/dags/videos_dag.py                           1           0  0.34s           2022-11-16T22:12:27
================================================================================
[2022-11-16T22:13:22.155+0000] {manager.py:846} INFO - 
================================================================================
DAG File Processing Stats

File Path                        PID    Runtime      # DAGs    # Errors  Last Runtime    Last Run
-------------------------------  -----  ---------  --------  ----------  --------------  -------------------
/opt/airflow/dags/videos_dag.py                           1           0  0.61s           2022-11-16T22:12:58
================================================================================
[2022-11-16T22:13:52.340+0000] {manager.py:846} INFO - 
================================================================================
DAG File Processing Stats

File Path                        PID    Runtime      # DAGs    # Errors  Last Runtime    Last Run
-------------------------------  -----  ---------  --------  ----------  --------------  -------------------
/opt/airflow/dags/videos_dag.py                           1           0  0.59s           2022-11-16T22:13:29
================================================================================
[2022-11-16T22:14:19.498+0000] {manager.py:724} INFO - Searching for files in /opt/airflow/dags
[2022-11-16T22:14:19.511+0000] {manager.py:727} INFO - There are 1 files in /opt/airflow/dags
[2022-11-16T22:14:22.582+0000] {manager.py:846} INFO - 
================================================================================
DAG File Processing Stats

File Path                        PID    Runtime      # DAGs    # Errors  Last Runtime    Last Run
-------------------------------  -----  ---------  --------  ----------  --------------  -------------------
/opt/airflow/dags/videos_dag.py                           1           0  0.20s           2022-11-16T22:13:59
================================================================================
[2022-11-16T22:14:52.863+0000] {manager.py:846} INFO - 
================================================================================
DAG File Processing Stats

File Path                        PID    Runtime      # DAGs    # Errors  Last Runtime    Last Run
-------------------------------  -----  ---------  --------  ----------  --------------  -------------------
/opt/airflow/dags/videos_dag.py                           1           0  0.19s           2022-11-16T22:14:29
================================================================================
[2022-11-16T22:15:23.129+0000] {manager.py:846} INFO - 
================================================================================
DAG File Processing Stats

File Path                        PID    Runtime      # DAGs    # Errors  Last Runtime    Last Run
-------------------------------  -----  ---------  --------  ----------  --------------  -------------------
/opt/airflow/dags/videos_dag.py                           1           0  0.24s           2022-11-16T22:15:00
================================================================================
[2022-11-16T22:15:53.400+0000] {manager.py:846} INFO - 
================================================================================
DAG File Processing Stats

File Path                        PID    Runtime      # DAGs    # Errors  Last Runtime    Last Run
-------------------------------  -----  ---------  --------  ----------  --------------  -------------------
/opt/airflow/dags/videos_dag.py                           1           0  0.30s           2022-11-16T22:15:30
================================================================================
[2022-11-16T22:16:23.740+0000] {manager.py:846} INFO - 
================================================================================
DAG File Processing Stats

File Path                        PID    Runtime      # DAGs    # Errors  Last Runtime    Last Run
-------------------------------  -----  ---------  --------  ----------  --------------  -------------------
/opt/airflow/dags/videos_dag.py                           1           0  0.25s           2022-11-16T22:16:00
================================================================================
[2022-11-16T22:16:54.110+0000] {manager.py:846} INFO - 
================================================================================
DAG File Processing Stats

File Path                        PID    Runtime      # DAGs    # Errors  Last Runtime    Last Run
-------------------------------  -----  ---------  --------  ----------  --------------  -------------------
/opt/airflow/dags/videos_dag.py                           1           0  0.32s           2022-11-16T22:16:31
================================================================================
[2022-11-16T22:17:24.656+0000] {manager.py:846} INFO - 
================================================================================
DAG File Processing Stats

File Path                        PID    Runtime      # DAGs    # Errors  Last Runtime    Last Run
-------------------------------  -----  ---------  --------  ----------  --------------  -------------------
/opt/airflow/dags/videos_dag.py                           1           0  0.20s           2022-11-16T22:17:01
================================================================================
[2022-11-16T22:17:55.060+0000] {manager.py:846} INFO - 
================================================================================
DAG File Processing Stats

File Path                        PID    Runtime      # DAGs    # Errors  Last Runtime    Last Run
-------------------------------  -----  ---------  --------  ----------  --------------  -------------------
/opt/airflow/dags/videos_dag.py                           1           0  0.23s           2022-11-16T22:17:31
================================================================================
[2022-11-16T22:18:25.231+0000] {manager.py:846} INFO - 
================================================================================
DAG File Processing Stats

File Path                        PID    Runtime      # DAGs    # Errors  Last Runtime    Last Run
-------------------------------  -----  ---------  --------  ----------  --------------  -------------------
/opt/airflow/dags/videos_dag.py                           1           0  0.21s           2022-11-16T22:18:02
================================================================================
[2022-11-16T22:18:55.574+0000] {manager.py:846} INFO - 
================================================================================
DAG File Processing Stats

File Path                        PID    Runtime      # DAGs    # Errors  Last Runtime    Last Run
-------------------------------  -----  ---------  --------  ----------  --------------  -------------------
/opt/airflow/dags/videos_dag.py                           1           0  0.20s           2022-11-16T22:18:32
================================================================================
[2022-11-16T22:19:19.856+0000] {manager.py:724} INFO - Searching for files in /opt/airflow/dags
[2022-11-16T22:19:19.861+0000] {manager.py:727} INFO - There are 1 files in /opt/airflow/dags
[2022-11-16T22:19:25.908+0000] {manager.py:846} INFO - 
================================================================================
DAG File Processing Stats

File Path                        PID    Runtime      # DAGs    # Errors  Last Runtime    Last Run
-------------------------------  -----  ---------  --------  ----------  --------------  -------------------
/opt/airflow/dags/videos_dag.py                           1           0  0.26s           2022-11-16T22:19:03
================================================================================
[2022-11-16T22:19:56.294+0000] {manager.py:846} INFO - 
================================================================================
DAG File Processing Stats

File Path                        PID    Runtime      # DAGs    # Errors  Last Runtime    Last Run
-------------------------------  -----  ---------  --------  ----------  --------------  -------------------
/opt/airflow/dags/videos_dag.py                           1           0  0.19s           2022-11-16T22:19:33
================================================================================
[2022-11-16T22:20:26.604+0000] {manager.py:846} INFO - 
================================================================================
DAG File Processing Stats

File Path                        PID    Runtime      # DAGs    # Errors  Last Runtime    Last Run
-------------------------------  -----  ---------  --------  ----------  --------------  -------------------
/opt/airflow/dags/videos_dag.py                           1           0  0.28s           2022-11-16T22:20:03
================================================================================
[2022-11-16T22:20:57.020+0000] {manager.py:846} INFO - 
================================================================================
DAG File Processing Stats

File Path                        PID    Runtime      # DAGs    # Errors  Last Runtime    Last Run
-------------------------------  -----  ---------  --------  ----------  --------------  -------------------
/opt/airflow/dags/videos_dag.py                           1           0  0.19s           2022-11-16T22:20:34
================================================================================
[2022-11-16T22:21:27.355+0000] {manager.py:846} INFO - 
================================================================================
DAG File Processing Stats

File Path                        PID    Runtime      # DAGs    # Errors  Last Runtime    Last Run
-------------------------------  -----  ---------  --------  ----------  --------------  -------------------
/opt/airflow/dags/videos_dag.py                           1           0  0.31s           2022-11-16T22:21:04
================================================================================
[2022-11-16T22:21:57.805+0000] {manager.py:846} INFO - 
================================================================================
DAG File Processing Stats

File Path                        PID    Runtime      # DAGs    # Errors  Last Runtime    Last Run
-------------------------------  -----  ---------  --------  ----------  --------------  -------------------
/opt/airflow/dags/videos_dag.py                           1           0  0.26s           2022-11-16T22:21:34
================================================================================
[2022-11-16T22:22:28.258+0000] {manager.py:846} INFO - 
================================================================================
DAG File Processing Stats

File Path                        PID    Runtime      # DAGs    # Errors  Last Runtime    Last Run
-------------------------------  -----  ---------  --------  ----------  --------------  -------------------
/opt/airflow/dags/videos_dag.py                           1           0  0.21s           2022-11-16T22:22:05
================================================================================
[2022-11-16T22:22:58.582+0000] {manager.py:846} INFO - 
================================================================================
DAG File Processing Stats

File Path                        PID    Runtime      # DAGs    # Errors  Last Runtime    Last Run
-------------------------------  -----  ---------  --------  ----------  --------------  -------------------
/opt/airflow/dags/videos_dag.py                           1           0  0.20s           2022-11-16T22:22:35
================================================================================
[2022-11-16T22:23:28.788+0000] {manager.py:846} INFO - 
================================================================================
DAG File Processing Stats

File Path                        PID    Runtime      # DAGs    # Errors  Last Runtime    Last Run
-------------------------------  -----  ---------  --------  ----------  --------------  -------------------
/opt/airflow/dags/videos_dag.py                           1           0  0.27s           2022-11-16T22:23:05
================================================================================
[2022-11-16T22:23:59.155+0000] {manager.py:846} INFO - 
================================================================================
DAG File Processing Stats

File Path                        PID    Runtime      # DAGs    # Errors  Last Runtime    Last Run
-------------------------------  -----  ---------  --------  ----------  --------------  -------------------
/opt/airflow/dags/videos_dag.py                           1           0  0.19s           2022-11-16T22:23:36
================================================================================
[2022-11-16T22:24:20.409+0000] {manager.py:724} INFO - Searching for files in /opt/airflow/dags
[2022-11-16T22:24:20.413+0000] {manager.py:727} INFO - There are 1 files in /opt/airflow/dags
[2022-11-16T22:24:29.466+0000] {manager.py:846} INFO - 
================================================================================
DAG File Processing Stats

File Path                        PID    Runtime      # DAGs    # Errors  Last Runtime    Last Run
-------------------------------  -----  ---------  --------  ----------  --------------  -------------------
/opt/airflow/dags/videos_dag.py                           1           0  0.21s           2022-11-16T22:24:06
================================================================================
[2022-11-16T22:24:59.835+0000] {manager.py:846} INFO - 
================================================================================
DAG File Processing Stats

File Path                        PID    Runtime      # DAGs    # Errors  Last Runtime    Last Run
-------------------------------  -----  ---------  --------  ----------  --------------  -------------------
/opt/airflow/dags/videos_dag.py                           1           0  0.31s           2022-11-16T22:24:37
================================================================================
[2022-11-16T22:25:30.304+0000] {manager.py:846} INFO - 
================================================================================
DAG File Processing Stats

File Path                        PID    Runtime      # DAGs    # Errors  Last Runtime    Last Run
-------------------------------  -----  ---------  --------  ----------  --------------  -------------------
/opt/airflow/dags/videos_dag.py                           1           0  0.27s           2022-11-16T22:25:07
================================================================================
[2022-11-16T22:26:00.690+0000] {manager.py:846} INFO - 
================================================================================
DAG File Processing Stats

File Path                        PID    Runtime      # DAGs    # Errors  Last Runtime    Last Run
-------------------------------  -----  ---------  --------  ----------  --------------  -------------------
/opt/airflow/dags/videos_dag.py                           1           0  0.31s           2022-11-16T22:25:37
================================================================================
[2022-11-16T22:26:31.133+0000] {manager.py:846} INFO - 
================================================================================
DAG File Processing Stats

File Path                        PID    Runtime      # DAGs    # Errors  Last Runtime    Last Run
-------------------------------  -----  ---------  --------  ----------  --------------  -------------------
/opt/airflow/dags/videos_dag.py                           1           0  0.20s           2022-11-16T22:26:08
================================================================================
[2022-11-16T22:27:01.496+0000] {manager.py:846} INFO - 
================================================================================
DAG File Processing Stats

File Path                        PID    Runtime      # DAGs    # Errors  Last Runtime    Last Run
-------------------------------  -----  ---------  --------  ----------  --------------  -------------------
/opt/airflow/dags/videos_dag.py                           1           0  0.33s           2022-11-16T22:26:38
================================================================================
[2022-11-16T22:27:31.966+0000] {manager.py:846} INFO - 
================================================================================
DAG File Processing Stats

File Path                        PID    Runtime      # DAGs    # Errors  Last Runtime    Last Run
-------------------------------  -----  ---------  --------  ----------  --------------  -------------------
/opt/airflow/dags/videos_dag.py                           1           0  0.35s           2022-11-16T22:27:09
================================================================================
