[2022-11-16T22:09:19.544+0000] {processor.py:156} INFO - Started process (PID=87) to work on /opt/airflow/dags/videos_dag.py
[2022-11-16T22:09:19.546+0000] {processor.py:758} INFO - Processing file /opt/airflow/dags/videos_dag.py for tasks to queue
[2022-11-16T22:09:19.549+0000] {logging_mixin.py:117} INFO - [2022-11-16T22:09:19.548+0000] {dagbag.py:525} INFO - Filling up the DagBag from /opt/airflow/dags/videos_dag.py
[2022-11-16T22:09:23.132+0000] {processor.py:768} INFO - DAG(s) dict_keys(['Assignment-7']) retrieved from /opt/airflow/dags/videos_dag.py
[2022-11-16T22:09:24.864+0000] {logging_mixin.py:117} INFO - [2022-11-16T22:09:24.864+0000] {manager.py:507} INFO - Created Permission View: can read on DAG:Assignment-7
[2022-11-16T22:09:24.958+0000] {logging_mixin.py:117} INFO - [2022-11-16T22:09:24.957+0000] {manager.py:507} INFO - Created Permission View: can delete on DAG:Assignment-7
[2022-11-16T22:09:25.016+0000] {logging_mixin.py:117} INFO - [2022-11-16T22:09:25.016+0000] {manager.py:507} INFO - Created Permission View: can edit on DAG:Assignment-7
[2022-11-16T22:09:25.017+0000] {logging_mixin.py:117} INFO - [2022-11-16T22:09:25.017+0000] {dag.py:2573} INFO - Sync 1 DAGs
[2022-11-16T22:09:25.183+0000] {logging_mixin.py:117} INFO - [2022-11-16T22:09:25.183+0000] {dag.py:2594} INFO - Creating ORM DAG for Assignment-7
[2022-11-16T22:09:25.392+0000] {logging_mixin.py:117} INFO - [2022-11-16T22:09:25.392+0000] {dag.py:3328} INFO - Setting next_dagrun for Assignment-7 to 2022-11-15T22:09:25.386578+00:00, run_after=2022-11-16T22:09:25.386578+00:00
[2022-11-16T22:09:25.586+0000] {processor.py:178} INFO - Processing /opt/airflow/dags/videos_dag.py took 6.095 seconds
[2022-11-16T22:09:55.821+0000] {processor.py:156} INFO - Started process (PID=108) to work on /opt/airflow/dags/videos_dag.py
[2022-11-16T22:09:55.825+0000] {processor.py:758} INFO - Processing file /opt/airflow/dags/videos_dag.py for tasks to queue
[2022-11-16T22:09:55.826+0000] {logging_mixin.py:117} INFO - [2022-11-16T22:09:55.826+0000] {dagbag.py:525} INFO - Filling up the DagBag from /opt/airflow/dags/videos_dag.py
[2022-11-16T22:09:55.872+0000] {processor.py:768} INFO - DAG(s) dict_keys(['Assignment-7']) retrieved from /opt/airflow/dags/videos_dag.py
[2022-11-16T22:09:55.997+0000] {logging_mixin.py:117} INFO - [2022-11-16T22:09:55.997+0000] {dag.py:2573} INFO - Sync 1 DAGs
[2022-11-16T22:09:56.058+0000] {logging_mixin.py:117} INFO - [2022-11-16T22:09:56.058+0000] {dag.py:3328} INFO - Setting next_dagrun for Assignment-7 to 2022-11-15T22:09:56.057765+00:00, run_after=2022-11-16T22:09:56.057765+00:00
[2022-11-16T22:09:56.097+0000] {processor.py:178} INFO - Processing /opt/airflow/dags/videos_dag.py took 0.283 seconds
[2022-11-16T22:10:26.284+0000] {processor.py:156} INFO - Started process (PID=127) to work on /opt/airflow/dags/videos_dag.py
[2022-11-16T22:10:26.285+0000] {processor.py:758} INFO - Processing file /opt/airflow/dags/videos_dag.py for tasks to queue
[2022-11-16T22:10:26.286+0000] {logging_mixin.py:117} INFO - [2022-11-16T22:10:26.286+0000] {dagbag.py:525} INFO - Filling up the DagBag from /opt/airflow/dags/videos_dag.py
[2022-11-16T22:10:26.321+0000] {processor.py:768} INFO - DAG(s) dict_keys(['Assignment-7']) retrieved from /opt/airflow/dags/videos_dag.py
[2022-11-16T22:10:26.397+0000] {logging_mixin.py:117} INFO - [2022-11-16T22:10:26.397+0000] {dag.py:2573} INFO - Sync 1 DAGs
[2022-11-16T22:10:26.435+0000] {logging_mixin.py:117} INFO - [2022-11-16T22:10:26.435+0000] {dag.py:3328} INFO - Setting next_dagrun for Assignment-7 to 2022-11-15T22:10:26.434718+00:00, run_after=2022-11-16T22:10:26.434718+00:00
[2022-11-16T22:10:26.465+0000] {processor.py:178} INFO - Processing /opt/airflow/dags/videos_dag.py took 0.187 seconds
[2022-11-16T22:10:56.614+0000] {processor.py:156} INFO - Started process (PID=155) to work on /opt/airflow/dags/videos_dag.py
[2022-11-16T22:10:56.615+0000] {processor.py:758} INFO - Processing file /opt/airflow/dags/videos_dag.py for tasks to queue
[2022-11-16T22:10:56.616+0000] {logging_mixin.py:117} INFO - [2022-11-16T22:10:56.616+0000] {dagbag.py:525} INFO - Filling up the DagBag from /opt/airflow/dags/videos_dag.py
[2022-11-16T22:10:56.650+0000] {processor.py:768} INFO - DAG(s) dict_keys(['Assignment-7']) retrieved from /opt/airflow/dags/videos_dag.py
[2022-11-16T22:10:56.710+0000] {logging_mixin.py:117} INFO - [2022-11-16T22:10:56.710+0000] {dag.py:2573} INFO - Sync 1 DAGs
[2022-11-16T22:10:56.744+0000] {logging_mixin.py:117} INFO - [2022-11-16T22:10:56.744+0000] {dag.py:3328} INFO - Setting next_dagrun for Assignment-7 to 2022-11-15T22:10:56.744393+00:00, run_after=2022-11-16T22:10:56.744393+00:00
[2022-11-16T22:10:56.771+0000] {processor.py:178} INFO - Processing /opt/airflow/dags/videos_dag.py took 0.162 seconds
[2022-11-16T22:11:26.928+0000] {processor.py:156} INFO - Started process (PID=175) to work on /opt/airflow/dags/videos_dag.py
[2022-11-16T22:11:26.932+0000] {processor.py:758} INFO - Processing file /opt/airflow/dags/videos_dag.py for tasks to queue
[2022-11-16T22:11:26.933+0000] {logging_mixin.py:117} INFO - [2022-11-16T22:11:26.933+0000] {dagbag.py:525} INFO - Filling up the DagBag from /opt/airflow/dags/videos_dag.py
[2022-11-16T22:11:26.968+0000] {processor.py:768} INFO - DAG(s) dict_keys(['Assignment-7']) retrieved from /opt/airflow/dags/videos_dag.py
[2022-11-16T22:11:27.027+0000] {logging_mixin.py:117} INFO - [2022-11-16T22:11:27.027+0000] {dag.py:2573} INFO - Sync 1 DAGs
[2022-11-16T22:11:27.062+0000] {logging_mixin.py:117} INFO - [2022-11-16T22:11:27.062+0000] {dag.py:3328} INFO - Setting next_dagrun for Assignment-7 to 2022-11-15T22:11:27.062245+00:00, run_after=2022-11-16T22:11:27.062245+00:00
[2022-11-16T22:11:27.091+0000] {processor.py:178} INFO - Processing /opt/airflow/dags/videos_dag.py took 0.167 seconds
[2022-11-16T22:11:57.259+0000] {processor.py:156} INFO - Started process (PID=205) to work on /opt/airflow/dags/videos_dag.py
[2022-11-16T22:11:57.260+0000] {processor.py:758} INFO - Processing file /opt/airflow/dags/videos_dag.py for tasks to queue
[2022-11-16T22:11:57.261+0000] {logging_mixin.py:117} INFO - [2022-11-16T22:11:57.261+0000] {dagbag.py:525} INFO - Filling up the DagBag from /opt/airflow/dags/videos_dag.py
[2022-11-16T22:11:57.295+0000] {processor.py:768} INFO - DAG(s) dict_keys(['Assignment-7']) retrieved from /opt/airflow/dags/videos_dag.py
[2022-11-16T22:11:57.353+0000] {logging_mixin.py:117} INFO - [2022-11-16T22:11:57.353+0000] {dag.py:2573} INFO - Sync 1 DAGs
[2022-11-16T22:11:57.391+0000] {logging_mixin.py:117} INFO - [2022-11-16T22:11:57.391+0000] {dag.py:3328} INFO - Setting next_dagrun for Assignment-7 to 2022-11-15T22:11:57.391322+00:00, run_after=2022-11-16T22:11:57.391322+00:00
[2022-11-16T22:11:57.418+0000] {processor.py:178} INFO - Processing /opt/airflow/dags/videos_dag.py took 0.164 seconds
[2022-11-16T22:12:27.508+0000] {processor.py:156} INFO - Started process (PID=224) to work on /opt/airflow/dags/videos_dag.py
[2022-11-16T22:12:27.513+0000] {processor.py:758} INFO - Processing file /opt/airflow/dags/videos_dag.py for tasks to queue
[2022-11-16T22:12:27.514+0000] {logging_mixin.py:117} INFO - [2022-11-16T22:12:27.514+0000] {dagbag.py:525} INFO - Filling up the DagBag from /opt/airflow/dags/videos_dag.py
[2022-11-16T22:12:27.579+0000] {processor.py:768} INFO - DAG(s) dict_keys(['Assignment-7']) retrieved from /opt/airflow/dags/videos_dag.py
[2022-11-16T22:12:27.676+0000] {logging_mixin.py:117} INFO - [2022-11-16T22:12:27.676+0000] {dag.py:2573} INFO - Sync 1 DAGs
[2022-11-16T22:12:27.745+0000] {logging_mixin.py:117} INFO - [2022-11-16T22:12:27.745+0000] {dag.py:3328} INFO - Setting next_dagrun for Assignment-7 to 2022-11-16T22:11:57.391322+00:00, run_after=2022-11-17T22:11:57.391322+00:00
[2022-11-16T22:12:27.801+0000] {processor.py:178} INFO - Processing /opt/airflow/dags/videos_dag.py took 0.310 seconds
[2022-11-16T22:12:57.955+0000] {processor.py:156} INFO - Started process (PID=243) to work on /opt/airflow/dags/videos_dag.py
[2022-11-16T22:12:57.960+0000] {processor.py:758} INFO - Processing file /opt/airflow/dags/videos_dag.py for tasks to queue
[2022-11-16T22:12:57.962+0000] {logging_mixin.py:117} INFO - [2022-11-16T22:12:57.961+0000] {dagbag.py:525} INFO - Filling up the DagBag from /opt/airflow/dags/videos_dag.py
[2022-11-16T22:12:58.190+0000] {processor.py:768} INFO - DAG(s) dict_keys(['Assignment-7']) retrieved from /opt/airflow/dags/videos_dag.py
[2022-11-16T22:12:58.312+0000] {logging_mixin.py:117} INFO - [2022-11-16T22:12:58.311+0000] {dag.py:2573} INFO - Sync 1 DAGs
[2022-11-16T22:12:58.394+0000] {logging_mixin.py:117} INFO - [2022-11-16T22:12:58.393+0000] {dag.py:3328} INFO - Setting next_dagrun for Assignment-7 to 2022-11-16T22:11:57.391322+00:00, run_after=2022-11-17T22:11:57.391322+00:00
[2022-11-16T22:12:58.464+0000] {processor.py:178} INFO - Processing /opt/airflow/dags/videos_dag.py took 0.534 seconds
[2022-11-16T22:13:28.713+0000] {processor.py:156} INFO - Started process (PID=270) to work on /opt/airflow/dags/videos_dag.py
[2022-11-16T22:13:28.720+0000] {processor.py:758} INFO - Processing file /opt/airflow/dags/videos_dag.py for tasks to queue
[2022-11-16T22:13:28.722+0000] {logging_mixin.py:117} INFO - [2022-11-16T22:13:28.721+0000] {dagbag.py:525} INFO - Filling up the DagBag from /opt/airflow/dags/videos_dag.py
[2022-11-16T22:13:28.821+0000] {processor.py:768} INFO - DAG(s) dict_keys(['Assignment-7']) retrieved from /opt/airflow/dags/videos_dag.py
[2022-11-16T22:13:28.985+0000] {logging_mixin.py:117} INFO - [2022-11-16T22:13:28.984+0000] {dag.py:2573} INFO - Sync 1 DAGs
[2022-11-16T22:13:29.121+0000] {logging_mixin.py:117} INFO - [2022-11-16T22:13:29.121+0000] {dag.py:3328} INFO - Setting next_dagrun for Assignment-7 to 2022-11-16T22:11:57.391322+00:00, run_after=2022-11-17T22:11:57.391322+00:00
[2022-11-16T22:13:29.224+0000] {processor.py:178} INFO - Processing /opt/airflow/dags/videos_dag.py took 0.530 seconds
[2022-11-16T22:13:59.396+0000] {processor.py:156} INFO - Started process (PID=288) to work on /opt/airflow/dags/videos_dag.py
[2022-11-16T22:13:59.397+0000] {processor.py:758} INFO - Processing file /opt/airflow/dags/videos_dag.py for tasks to queue
[2022-11-16T22:13:59.398+0000] {logging_mixin.py:117} INFO - [2022-11-16T22:13:59.398+0000] {dagbag.py:525} INFO - Filling up the DagBag from /opt/airflow/dags/videos_dag.py
[2022-11-16T22:13:59.432+0000] {processor.py:768} INFO - DAG(s) dict_keys(['Assignment-7']) retrieved from /opt/airflow/dags/videos_dag.py
[2022-11-16T22:13:59.496+0000] {logging_mixin.py:117} INFO - [2022-11-16T22:13:59.496+0000] {dag.py:2573} INFO - Sync 1 DAGs
[2022-11-16T22:13:59.533+0000] {logging_mixin.py:117} INFO - [2022-11-16T22:13:59.533+0000] {dag.py:3328} INFO - Setting next_dagrun for Assignment-7 to 2022-11-16T22:11:57.391322+00:00, run_after=2022-11-17T22:11:57.391322+00:00
[2022-11-16T22:13:59.563+0000] {processor.py:178} INFO - Processing /opt/airflow/dags/videos_dag.py took 0.173 seconds
[2022-11-16T22:14:29.629+0000] {processor.py:156} INFO - Started process (PID=306) to work on /opt/airflow/dags/videos_dag.py
[2022-11-16T22:14:29.633+0000] {processor.py:758} INFO - Processing file /opt/airflow/dags/videos_dag.py for tasks to queue
[2022-11-16T22:14:29.634+0000] {logging_mixin.py:117} INFO - [2022-11-16T22:14:29.633+0000] {dagbag.py:525} INFO - Filling up the DagBag from /opt/airflow/dags/videos_dag.py
[2022-11-16T22:14:29.669+0000] {processor.py:768} INFO - DAG(s) dict_keys(['Assignment-7']) retrieved from /opt/airflow/dags/videos_dag.py
[2022-11-16T22:14:29.732+0000] {logging_mixin.py:117} INFO - [2022-11-16T22:14:29.732+0000] {dag.py:2573} INFO - Sync 1 DAGs
[2022-11-16T22:14:29.767+0000] {logging_mixin.py:117} INFO - [2022-11-16T22:14:29.767+0000] {dag.py:3328} INFO - Setting next_dagrun for Assignment-7 to 2022-11-16T22:11:57.391322+00:00, run_after=2022-11-17T22:11:57.391322+00:00
[2022-11-16T22:14:29.796+0000] {processor.py:178} INFO - Processing /opt/airflow/dags/videos_dag.py took 0.171 seconds
[2022-11-16T22:14:59.925+0000] {processor.py:156} INFO - Started process (PID=335) to work on /opt/airflow/dags/videos_dag.py
[2022-11-16T22:14:59.927+0000] {processor.py:758} INFO - Processing file /opt/airflow/dags/videos_dag.py for tasks to queue
[2022-11-16T22:14:59.928+0000] {logging_mixin.py:117} INFO - [2022-11-16T22:14:59.928+0000] {dagbag.py:525} INFO - Filling up the DagBag from /opt/airflow/dags/videos_dag.py
[2022-11-16T22:15:00.006+0000] {processor.py:768} INFO - DAG(s) dict_keys(['Assignment-7']) retrieved from /opt/airflow/dags/videos_dag.py
[2022-11-16T22:15:00.068+0000] {logging_mixin.py:117} INFO - [2022-11-16T22:15:00.068+0000] {dag.py:2573} INFO - Sync 1 DAGs
[2022-11-16T22:15:00.105+0000] {logging_mixin.py:117} INFO - [2022-11-16T22:15:00.105+0000] {dag.py:3328} INFO - Setting next_dagrun for Assignment-7 to 2022-11-16T22:11:57.391322+00:00, run_after=2022-11-17T22:11:57.391322+00:00
[2022-11-16T22:15:00.136+0000] {processor.py:178} INFO - Processing /opt/airflow/dags/videos_dag.py took 0.218 seconds
[2022-11-16T22:15:30.191+0000] {processor.py:156} INFO - Started process (PID=355) to work on /opt/airflow/dags/videos_dag.py
[2022-11-16T22:15:30.194+0000] {processor.py:758} INFO - Processing file /opt/airflow/dags/videos_dag.py for tasks to queue
[2022-11-16T22:15:30.198+0000] {logging_mixin.py:117} INFO - [2022-11-16T22:15:30.198+0000] {dagbag.py:525} INFO - Filling up the DagBag from /opt/airflow/dags/videos_dag.py
[2022-11-16T22:15:30.276+0000] {processor.py:768} INFO - DAG(s) dict_keys(['Assignment-7']) retrieved from /opt/airflow/dags/videos_dag.py
[2022-11-16T22:15:30.364+0000] {logging_mixin.py:117} INFO - [2022-11-16T22:15:30.364+0000] {dag.py:2573} INFO - Sync 1 DAGs
[2022-11-16T22:15:30.418+0000] {logging_mixin.py:117} INFO - [2022-11-16T22:15:30.418+0000] {dag.py:3328} INFO - Setting next_dagrun for Assignment-7 to 2022-11-16T22:11:57.391322+00:00, run_after=2022-11-17T22:11:57.391322+00:00
[2022-11-16T22:15:30.453+0000] {processor.py:178} INFO - Processing /opt/airflow/dags/videos_dag.py took 0.268 seconds
[2022-11-16T22:16:00.614+0000] {processor.py:156} INFO - Started process (PID=375) to work on /opt/airflow/dags/videos_dag.py
[2022-11-16T22:16:00.615+0000] {processor.py:758} INFO - Processing file /opt/airflow/dags/videos_dag.py for tasks to queue
[2022-11-16T22:16:00.617+0000] {logging_mixin.py:117} INFO - [2022-11-16T22:16:00.616+0000] {dagbag.py:525} INFO - Filling up the DagBag from /opt/airflow/dags/videos_dag.py
[2022-11-16T22:16:00.654+0000] {processor.py:768} INFO - DAG(s) dict_keys(['Assignment-7']) retrieved from /opt/airflow/dags/videos_dag.py
[2022-11-16T22:16:00.723+0000] {logging_mixin.py:117} INFO - [2022-11-16T22:16:00.722+0000] {dag.py:2573} INFO - Sync 1 DAGs
[2022-11-16T22:16:00.798+0000] {logging_mixin.py:117} INFO - [2022-11-16T22:16:00.798+0000] {dag.py:3328} INFO - Setting next_dagrun for Assignment-7 to 2022-11-16T22:11:57.391322+00:00, run_after=2022-11-17T22:11:57.391322+00:00
[2022-11-16T22:16:00.836+0000] {processor.py:178} INFO - Processing /opt/airflow/dags/videos_dag.py took 0.228 seconds
[2022-11-16T22:16:31.018+0000] {processor.py:156} INFO - Started process (PID=402) to work on /opt/airflow/dags/videos_dag.py
[2022-11-16T22:16:31.020+0000] {processor.py:758} INFO - Processing file /opt/airflow/dags/videos_dag.py for tasks to queue
[2022-11-16T22:16:31.025+0000] {logging_mixin.py:117} INFO - [2022-11-16T22:16:31.024+0000] {dagbag.py:525} INFO - Filling up the DagBag from /opt/airflow/dags/videos_dag.py
[2022-11-16T22:16:31.094+0000] {processor.py:768} INFO - DAG(s) dict_keys(['Assignment-7']) retrieved from /opt/airflow/dags/videos_dag.py
[2022-11-16T22:16:31.214+0000] {logging_mixin.py:117} INFO - [2022-11-16T22:16:31.213+0000] {dag.py:2573} INFO - Sync 1 DAGs
[2022-11-16T22:16:31.267+0000] {logging_mixin.py:117} INFO - [2022-11-16T22:16:31.267+0000] {dag.py:3328} INFO - Setting next_dagrun for Assignment-7 to 2022-11-16T22:11:57.391322+00:00, run_after=2022-11-17T22:11:57.391322+00:00
[2022-11-16T22:16:31.304+0000] {processor.py:178} INFO - Processing /opt/airflow/dags/videos_dag.py took 0.294 seconds
[2022-11-16T22:17:01.496+0000] {processor.py:156} INFO - Started process (PID=420) to work on /opt/airflow/dags/videos_dag.py
[2022-11-16T22:17:01.497+0000] {processor.py:758} INFO - Processing file /opt/airflow/dags/videos_dag.py for tasks to queue
[2022-11-16T22:17:01.498+0000] {logging_mixin.py:117} INFO - [2022-11-16T22:17:01.498+0000] {dagbag.py:525} INFO - Filling up the DagBag from /opt/airflow/dags/videos_dag.py
[2022-11-16T22:17:01.533+0000] {processor.py:768} INFO - DAG(s) dict_keys(['Assignment-7']) retrieved from /opt/airflow/dags/videos_dag.py
[2022-11-16T22:17:01.595+0000] {logging_mixin.py:117} INFO - [2022-11-16T22:17:01.595+0000] {dag.py:2573} INFO - Sync 1 DAGs
[2022-11-16T22:17:01.633+0000] {logging_mixin.py:117} INFO - [2022-11-16T22:17:01.633+0000] {dag.py:3328} INFO - Setting next_dagrun for Assignment-7 to 2022-11-16T22:11:57.391322+00:00, run_after=2022-11-17T22:11:57.391322+00:00
[2022-11-16T22:17:01.665+0000] {processor.py:178} INFO - Processing /opt/airflow/dags/videos_dag.py took 0.175 seconds
[2022-11-16T22:17:31.717+0000] {processor.py:156} INFO - Started process (PID=439) to work on /opt/airflow/dags/videos_dag.py
[2022-11-16T22:17:31.719+0000] {processor.py:758} INFO - Processing file /opt/airflow/dags/videos_dag.py for tasks to queue
[2022-11-16T22:17:31.720+0000] {logging_mixin.py:117} INFO - [2022-11-16T22:17:31.720+0000] {dagbag.py:525} INFO - Filling up the DagBag from /opt/airflow/dags/videos_dag.py
[2022-11-16T22:17:31.755+0000] {processor.py:768} INFO - DAG(s) dict_keys(['Assignment-7']) retrieved from /opt/airflow/dags/videos_dag.py
[2022-11-16T22:17:31.815+0000] {logging_mixin.py:117} INFO - [2022-11-16T22:17:31.814+0000] {dag.py:2573} INFO - Sync 1 DAGs
[2022-11-16T22:17:31.852+0000] {logging_mixin.py:117} INFO - [2022-11-16T22:17:31.852+0000] {dag.py:3328} INFO - Setting next_dagrun for Assignment-7 to 2022-11-16T22:11:57.391322+00:00, run_after=2022-11-17T22:11:57.391322+00:00
[2022-11-16T22:17:31.898+0000] {processor.py:178} INFO - Processing /opt/airflow/dags/videos_dag.py took 0.186 seconds
[2022-11-16T22:18:02.118+0000] {processor.py:156} INFO - Started process (PID=467) to work on /opt/airflow/dags/videos_dag.py
[2022-11-16T22:18:02.119+0000] {processor.py:758} INFO - Processing file /opt/airflow/dags/videos_dag.py for tasks to queue
[2022-11-16T22:18:02.120+0000] {logging_mixin.py:117} INFO - [2022-11-16T22:18:02.120+0000] {dagbag.py:525} INFO - Filling up the DagBag from /opt/airflow/dags/videos_dag.py
[2022-11-16T22:18:02.160+0000] {processor.py:768} INFO - DAG(s) dict_keys(['Assignment-7']) retrieved from /opt/airflow/dags/videos_dag.py
[2022-11-16T22:18:02.228+0000] {logging_mixin.py:117} INFO - [2022-11-16T22:18:02.227+0000] {dag.py:2573} INFO - Sync 1 DAGs
[2022-11-16T22:18:02.265+0000] {logging_mixin.py:117} INFO - [2022-11-16T22:18:02.264+0000] {dag.py:3328} INFO - Setting next_dagrun for Assignment-7 to 2022-11-16T22:11:57.391322+00:00, run_after=2022-11-17T22:11:57.391322+00:00
[2022-11-16T22:18:02.297+0000] {processor.py:178} INFO - Processing /opt/airflow/dags/videos_dag.py took 0.185 seconds
[2022-11-16T22:18:32.456+0000] {processor.py:156} INFO - Started process (PID=486) to work on /opt/airflow/dags/videos_dag.py
[2022-11-16T22:18:32.457+0000] {processor.py:758} INFO - Processing file /opt/airflow/dags/videos_dag.py for tasks to queue
[2022-11-16T22:18:32.458+0000] {logging_mixin.py:117} INFO - [2022-11-16T22:18:32.458+0000] {dagbag.py:525} INFO - Filling up the DagBag from /opt/airflow/dags/videos_dag.py
[2022-11-16T22:18:32.498+0000] {processor.py:768} INFO - DAG(s) dict_keys(['Assignment-7']) retrieved from /opt/airflow/dags/videos_dag.py
[2022-11-16T22:18:32.558+0000] {logging_mixin.py:117} INFO - [2022-11-16T22:18:32.558+0000] {dag.py:2573} INFO - Sync 1 DAGs
[2022-11-16T22:18:32.596+0000] {logging_mixin.py:117} INFO - [2022-11-16T22:18:32.596+0000] {dag.py:3328} INFO - Setting next_dagrun for Assignment-7 to 2022-11-16T22:11:57.391322+00:00, run_after=2022-11-17T22:11:57.391322+00:00
[2022-11-16T22:18:32.624+0000] {processor.py:178} INFO - Processing /opt/airflow/dags/videos_dag.py took 0.173 seconds
[2022-11-16T22:19:02.786+0000] {processor.py:156} INFO - Started process (PID=514) to work on /opt/airflow/dags/videos_dag.py
[2022-11-16T22:19:02.792+0000] {processor.py:758} INFO - Processing file /opt/airflow/dags/videos_dag.py for tasks to queue
[2022-11-16T22:19:02.794+0000] {logging_mixin.py:117} INFO - [2022-11-16T22:19:02.793+0000] {dagbag.py:525} INFO - Filling up the DagBag from /opt/airflow/dags/videos_dag.py
[2022-11-16T22:19:02.838+0000] {processor.py:768} INFO - DAG(s) dict_keys(['Assignment-7']) retrieved from /opt/airflow/dags/videos_dag.py
[2022-11-16T22:19:02.917+0000] {logging_mixin.py:117} INFO - [2022-11-16T22:19:02.917+0000] {dag.py:2573} INFO - Sync 1 DAGs
[2022-11-16T22:19:02.973+0000] {logging_mixin.py:117} INFO - [2022-11-16T22:19:02.973+0000] {dag.py:3328} INFO - Setting next_dagrun for Assignment-7 to 2022-11-16T22:11:57.391322+00:00, run_after=2022-11-17T22:11:57.391322+00:00
[2022-11-16T22:19:03.009+0000] {processor.py:178} INFO - Processing /opt/airflow/dags/videos_dag.py took 0.229 seconds
[2022-11-16T22:19:33.173+0000] {processor.py:156} INFO - Started process (PID=533) to work on /opt/airflow/dags/videos_dag.py
[2022-11-16T22:19:33.174+0000] {processor.py:758} INFO - Processing file /opt/airflow/dags/videos_dag.py for tasks to queue
[2022-11-16T22:19:33.175+0000] {logging_mixin.py:117} INFO - [2022-11-16T22:19:33.175+0000] {dagbag.py:525} INFO - Filling up the DagBag from /opt/airflow/dags/videos_dag.py
[2022-11-16T22:19:33.207+0000] {processor.py:768} INFO - DAG(s) dict_keys(['Assignment-7']) retrieved from /opt/airflow/dags/videos_dag.py
[2022-11-16T22:19:33.269+0000] {logging_mixin.py:117} INFO - [2022-11-16T22:19:33.268+0000] {dag.py:2573} INFO - Sync 1 DAGs
[2022-11-16T22:19:33.304+0000] {logging_mixin.py:117} INFO - [2022-11-16T22:19:33.304+0000] {dag.py:3328} INFO - Setting next_dagrun for Assignment-7 to 2022-11-16T22:11:57.391322+00:00, run_after=2022-11-17T22:11:57.391322+00:00
[2022-11-16T22:19:33.330+0000] {processor.py:178} INFO - Processing /opt/airflow/dags/videos_dag.py took 0.162 seconds
[2022-11-16T22:20:03.499+0000] {processor.py:156} INFO - Started process (PID=561) to work on /opt/airflow/dags/videos_dag.py
[2022-11-16T22:20:03.502+0000] {processor.py:758} INFO - Processing file /opt/airflow/dags/videos_dag.py for tasks to queue
[2022-11-16T22:20:03.503+0000] {logging_mixin.py:117} INFO - [2022-11-16T22:20:03.503+0000] {dagbag.py:525} INFO - Filling up the DagBag from /opt/airflow/dags/videos_dag.py
[2022-11-16T22:20:03.551+0000] {processor.py:768} INFO - DAG(s) dict_keys(['Assignment-7']) retrieved from /opt/airflow/dags/videos_dag.py
[2022-11-16T22:20:03.639+0000] {logging_mixin.py:117} INFO - [2022-11-16T22:20:03.639+0000] {dag.py:2573} INFO - Sync 1 DAGs
[2022-11-16T22:20:03.695+0000] {logging_mixin.py:117} INFO - [2022-11-16T22:20:03.695+0000] {dag.py:3328} INFO - Setting next_dagrun for Assignment-7 to 2022-11-16T22:11:57.391322+00:00, run_after=2022-11-17T22:11:57.391322+00:00
[2022-11-16T22:20:03.733+0000] {processor.py:178} INFO - Processing /opt/airflow/dags/videos_dag.py took 0.240 seconds
[2022-11-16T22:20:33.916+0000] {processor.py:156} INFO - Started process (PID=580) to work on /opt/airflow/dags/videos_dag.py
[2022-11-16T22:20:33.918+0000] {processor.py:758} INFO - Processing file /opt/airflow/dags/videos_dag.py for tasks to queue
[2022-11-16T22:20:33.918+0000] {logging_mixin.py:117} INFO - [2022-11-16T22:20:33.918+0000] {dagbag.py:525} INFO - Filling up the DagBag from /opt/airflow/dags/videos_dag.py
[2022-11-16T22:20:33.954+0000] {processor.py:768} INFO - DAG(s) dict_keys(['Assignment-7']) retrieved from /opt/airflow/dags/videos_dag.py
[2022-11-16T22:20:34.014+0000] {logging_mixin.py:117} INFO - [2022-11-16T22:20:34.014+0000] {dag.py:2573} INFO - Sync 1 DAGs
[2022-11-16T22:20:34.050+0000] {logging_mixin.py:117} INFO - [2022-11-16T22:20:34.050+0000] {dag.py:3328} INFO - Setting next_dagrun for Assignment-7 to 2022-11-16T22:11:57.391322+00:00, run_after=2022-11-17T22:11:57.391322+00:00
[2022-11-16T22:20:34.076+0000] {processor.py:178} INFO - Processing /opt/airflow/dags/videos_dag.py took 0.166 seconds
[2022-11-16T22:21:04.240+0000] {processor.py:156} INFO - Started process (PID=607) to work on /opt/airflow/dags/videos_dag.py
[2022-11-16T22:21:04.242+0000] {processor.py:758} INFO - Processing file /opt/airflow/dags/videos_dag.py for tasks to queue
[2022-11-16T22:21:04.244+0000] {logging_mixin.py:117} INFO - [2022-11-16T22:21:04.243+0000] {dagbag.py:525} INFO - Filling up the DagBag from /opt/airflow/dags/videos_dag.py
[2022-11-16T22:21:04.281+0000] {processor.py:768} INFO - DAG(s) dict_keys(['Assignment-7']) retrieved from /opt/airflow/dags/videos_dag.py
[2022-11-16T22:21:04.374+0000] {logging_mixin.py:117} INFO - [2022-11-16T22:21:04.374+0000] {dag.py:2573} INFO - Sync 1 DAGs
[2022-11-16T22:21:04.466+0000] {logging_mixin.py:117} INFO - [2022-11-16T22:21:04.465+0000] {dag.py:3328} INFO - Setting next_dagrun for Assignment-7 to 2022-11-16T22:11:57.391322+00:00, run_after=2022-11-17T22:11:57.391322+00:00
[2022-11-16T22:21:04.519+0000] {processor.py:178} INFO - Processing /opt/airflow/dags/videos_dag.py took 0.284 seconds
[2022-11-16T22:21:34.702+0000] {processor.py:156} INFO - Started process (PID=635) to work on /opt/airflow/dags/videos_dag.py
[2022-11-16T22:21:34.703+0000] {processor.py:758} INFO - Processing file /opt/airflow/dags/videos_dag.py for tasks to queue
[2022-11-16T22:21:34.704+0000] {logging_mixin.py:117} INFO - [2022-11-16T22:21:34.704+0000] {dagbag.py:525} INFO - Filling up the DagBag from /opt/airflow/dags/videos_dag.py
[2022-11-16T22:21:34.753+0000] {processor.py:768} INFO - DAG(s) dict_keys(['Assignment-7']) retrieved from /opt/airflow/dags/videos_dag.py
[2022-11-16T22:21:34.831+0000] {logging_mixin.py:117} INFO - [2022-11-16T22:21:34.831+0000] {dag.py:2573} INFO - Sync 1 DAGs
[2022-11-16T22:21:34.885+0000] {logging_mixin.py:117} INFO - [2022-11-16T22:21:34.885+0000] {dag.py:3328} INFO - Setting next_dagrun for Assignment-7 to 2022-11-16T22:11:57.391322+00:00, run_after=2022-11-17T22:11:57.391322+00:00
[2022-11-16T22:21:34.923+0000] {processor.py:178} INFO - Processing /opt/airflow/dags/videos_dag.py took 0.229 seconds
[2022-11-16T22:22:05.103+0000] {processor.py:156} INFO - Started process (PID=653) to work on /opt/airflow/dags/videos_dag.py
[2022-11-16T22:22:05.106+0000] {processor.py:758} INFO - Processing file /opt/airflow/dags/videos_dag.py for tasks to queue
[2022-11-16T22:22:05.107+0000] {logging_mixin.py:117} INFO - [2022-11-16T22:22:05.106+0000] {dagbag.py:525} INFO - Filling up the DagBag from /opt/airflow/dags/videos_dag.py
[2022-11-16T22:22:05.144+0000] {processor.py:768} INFO - DAG(s) dict_keys(['Assignment-7']) retrieved from /opt/airflow/dags/videos_dag.py
[2022-11-16T22:22:05.218+0000] {logging_mixin.py:117} INFO - [2022-11-16T22:22:05.218+0000] {dag.py:2573} INFO - Sync 1 DAGs
[2022-11-16T22:22:05.258+0000] {logging_mixin.py:117} INFO - [2022-11-16T22:22:05.258+0000] {dag.py:3328} INFO - Setting next_dagrun for Assignment-7 to 2022-11-16T22:11:57.391322+00:00, run_after=2022-11-17T22:11:57.391322+00:00
[2022-11-16T22:22:05.286+0000] {processor.py:178} INFO - Processing /opt/airflow/dags/videos_dag.py took 0.188 seconds
[2022-11-16T22:22:35.316+0000] {processor.py:156} INFO - Started process (PID=672) to work on /opt/airflow/dags/videos_dag.py
[2022-11-16T22:22:35.318+0000] {processor.py:758} INFO - Processing file /opt/airflow/dags/videos_dag.py for tasks to queue
[2022-11-16T22:22:35.318+0000] {logging_mixin.py:117} INFO - [2022-11-16T22:22:35.318+0000] {dagbag.py:525} INFO - Filling up the DagBag from /opt/airflow/dags/videos_dag.py
[2022-11-16T22:22:35.350+0000] {processor.py:768} INFO - DAG(s) dict_keys(['Assignment-7']) retrieved from /opt/airflow/dags/videos_dag.py
[2022-11-16T22:22:35.411+0000] {logging_mixin.py:117} INFO - [2022-11-16T22:22:35.411+0000] {dag.py:2573} INFO - Sync 1 DAGs
[2022-11-16T22:22:35.452+0000] {logging_mixin.py:117} INFO - [2022-11-16T22:22:35.452+0000] {dag.py:3328} INFO - Setting next_dagrun for Assignment-7 to 2022-11-16T22:11:57.391322+00:00, run_after=2022-11-17T22:11:57.391322+00:00
[2022-11-16T22:22:35.484+0000] {processor.py:178} INFO - Processing /opt/airflow/dags/videos_dag.py took 0.175 seconds
[2022-11-16T22:23:05.640+0000] {processor.py:156} INFO - Started process (PID=691) to work on /opt/airflow/dags/videos_dag.py
[2022-11-16T22:23:05.648+0000] {processor.py:758} INFO - Processing file /opt/airflow/dags/videos_dag.py for tasks to queue
[2022-11-16T22:23:05.651+0000] {logging_mixin.py:117} INFO - [2022-11-16T22:23:05.651+0000] {dagbag.py:525} INFO - Filling up the DagBag from /opt/airflow/dags/videos_dag.py
[2022-11-16T22:23:05.699+0000] {processor.py:768} INFO - DAG(s) dict_keys(['Assignment-7']) retrieved from /opt/airflow/dags/videos_dag.py
[2022-11-16T22:23:05.781+0000] {logging_mixin.py:117} INFO - [2022-11-16T22:23:05.781+0000] {dag.py:2573} INFO - Sync 1 DAGs
[2022-11-16T22:23:05.834+0000] {logging_mixin.py:117} INFO - [2022-11-16T22:23:05.833+0000] {dag.py:3328} INFO - Setting next_dagrun for Assignment-7 to 2022-11-16T22:11:57.391322+00:00, run_after=2022-11-17T22:11:57.391322+00:00
[2022-11-16T22:23:05.876+0000] {processor.py:178} INFO - Processing /opt/airflow/dags/videos_dag.py took 0.243 seconds
[2022-11-16T22:23:36.037+0000] {processor.py:156} INFO - Started process (PID=718) to work on /opt/airflow/dags/videos_dag.py
[2022-11-16T22:23:36.038+0000] {processor.py:758} INFO - Processing file /opt/airflow/dags/videos_dag.py for tasks to queue
[2022-11-16T22:23:36.039+0000] {logging_mixin.py:117} INFO - [2022-11-16T22:23:36.039+0000] {dagbag.py:525} INFO - Filling up the DagBag from /opt/airflow/dags/videos_dag.py
[2022-11-16T22:23:36.072+0000] {processor.py:768} INFO - DAG(s) dict_keys(['Assignment-7']) retrieved from /opt/airflow/dags/videos_dag.py
[2022-11-16T22:23:36.139+0000] {logging_mixin.py:117} INFO - [2022-11-16T22:23:36.138+0000] {dag.py:2573} INFO - Sync 1 DAGs
[2022-11-16T22:23:36.173+0000] {logging_mixin.py:117} INFO - [2022-11-16T22:23:36.172+0000] {dag.py:3328} INFO - Setting next_dagrun for Assignment-7 to 2022-11-16T22:11:57.391322+00:00, run_after=2022-11-17T22:11:57.391322+00:00
[2022-11-16T22:23:36.197+0000] {processor.py:178} INFO - Processing /opt/airflow/dags/videos_dag.py took 0.165 seconds
[2022-11-16T22:24:06.355+0000] {processor.py:156} INFO - Started process (PID=737) to work on /opt/airflow/dags/videos_dag.py
[2022-11-16T22:24:06.358+0000] {processor.py:758} INFO - Processing file /opt/airflow/dags/videos_dag.py for tasks to queue
[2022-11-16T22:24:06.359+0000] {logging_mixin.py:117} INFO - [2022-11-16T22:24:06.359+0000] {dagbag.py:525} INFO - Filling up the DagBag from /opt/airflow/dags/videos_dag.py
[2022-11-16T22:24:06.395+0000] {processor.py:768} INFO - DAG(s) dict_keys(['Assignment-7']) retrieved from /opt/airflow/dags/videos_dag.py
[2022-11-16T22:24:06.473+0000] {logging_mixin.py:117} INFO - [2022-11-16T22:24:06.473+0000] {dag.py:2573} INFO - Sync 1 DAGs
[2022-11-16T22:24:06.512+0000] {logging_mixin.py:117} INFO - [2022-11-16T22:24:06.512+0000] {dag.py:3328} INFO - Setting next_dagrun for Assignment-7 to 2022-11-16T22:11:57.391322+00:00, run_after=2022-11-17T22:11:57.391322+00:00
[2022-11-16T22:24:06.543+0000] {processor.py:178} INFO - Processing /opt/airflow/dags/videos_dag.py took 0.192 seconds
[2022-11-16T22:24:36.721+0000] {processor.py:156} INFO - Started process (PID=765) to work on /opt/airflow/dags/videos_dag.py
[2022-11-16T22:24:36.722+0000] {processor.py:758} INFO - Processing file /opt/airflow/dags/videos_dag.py for tasks to queue
[2022-11-16T22:24:36.723+0000] {logging_mixin.py:117} INFO - [2022-11-16T22:24:36.723+0000] {dagbag.py:525} INFO - Filling up the DagBag from /opt/airflow/dags/videos_dag.py
[2022-11-16T22:24:36.770+0000] {processor.py:768} INFO - DAG(s) dict_keys(['Assignment-7']) retrieved from /opt/airflow/dags/videos_dag.py
[2022-11-16T22:24:36.848+0000] {logging_mixin.py:117} INFO - [2022-11-16T22:24:36.848+0000] {dag.py:2573} INFO - Sync 1 DAGs
[2022-11-16T22:24:36.901+0000] {logging_mixin.py:117} INFO - [2022-11-16T22:24:36.901+0000] {dag.py:3328} INFO - Setting next_dagrun for Assignment-7 to 2022-11-16T22:11:57.391322+00:00, run_after=2022-11-17T22:11:57.391322+00:00
[2022-11-16T22:24:36.993+0000] {processor.py:178} INFO - Processing /opt/airflow/dags/videos_dag.py took 0.278 seconds
[2022-11-16T22:25:07.204+0000] {processor.py:156} INFO - Started process (PID=784) to work on /opt/airflow/dags/videos_dag.py
[2022-11-16T22:25:07.206+0000] {processor.py:758} INFO - Processing file /opt/airflow/dags/videos_dag.py for tasks to queue
[2022-11-16T22:25:07.207+0000] {logging_mixin.py:117} INFO - [2022-11-16T22:25:07.207+0000] {dagbag.py:525} INFO - Filling up the DagBag from /opt/airflow/dags/videos_dag.py
[2022-11-16T22:25:07.256+0000] {processor.py:768} INFO - DAG(s) dict_keys(['Assignment-7']) retrieved from /opt/airflow/dags/videos_dag.py
[2022-11-16T22:25:07.334+0000] {logging_mixin.py:117} INFO - [2022-11-16T22:25:07.334+0000] {dag.py:2573} INFO - Sync 1 DAGs
[2022-11-16T22:25:07.389+0000] {logging_mixin.py:117} INFO - [2022-11-16T22:25:07.388+0000] {dag.py:3328} INFO - Setting next_dagrun for Assignment-7 to 2022-11-16T22:11:57.391322+00:00, run_after=2022-11-17T22:11:57.391322+00:00
[2022-11-16T22:25:07.417+0000] {processor.py:178} INFO - Processing /opt/airflow/dags/videos_dag.py took 0.219 seconds
[2022-11-16T22:25:37.593+0000] {processor.py:156} INFO - Started process (PID=812) to work on /opt/airflow/dags/videos_dag.py
[2022-11-16T22:25:37.594+0000] {processor.py:758} INFO - Processing file /opt/airflow/dags/videos_dag.py for tasks to queue
[2022-11-16T22:25:37.596+0000] {logging_mixin.py:117} INFO - [2022-11-16T22:25:37.595+0000] {dagbag.py:525} INFO - Filling up the DagBag from /opt/airflow/dags/videos_dag.py
[2022-11-16T22:25:37.641+0000] {processor.py:768} INFO - DAG(s) dict_keys(['Assignment-7']) retrieved from /opt/airflow/dags/videos_dag.py
[2022-11-16T22:25:37.725+0000] {logging_mixin.py:117} INFO - [2022-11-16T22:25:37.725+0000] {dag.py:2573} INFO - Sync 1 DAGs
[2022-11-16T22:25:37.806+0000] {logging_mixin.py:117} INFO - [2022-11-16T22:25:37.805+0000] {dag.py:3328} INFO - Setting next_dagrun for Assignment-7 to 2022-11-16T22:11:57.391322+00:00, run_after=2022-11-17T22:11:57.391322+00:00
[2022-11-16T22:25:37.864+0000] {processor.py:178} INFO - Processing /opt/airflow/dags/videos_dag.py took 0.278 seconds
[2022-11-16T22:26:08.034+0000] {processor.py:156} INFO - Started process (PID=831) to work on /opt/airflow/dags/videos_dag.py
[2022-11-16T22:26:08.036+0000] {processor.py:758} INFO - Processing file /opt/airflow/dags/videos_dag.py for tasks to queue
[2022-11-16T22:26:08.036+0000] {logging_mixin.py:117} INFO - [2022-11-16T22:26:08.036+0000] {dagbag.py:525} INFO - Filling up the DagBag from /opt/airflow/dags/videos_dag.py
[2022-11-16T22:26:08.069+0000] {processor.py:768} INFO - DAG(s) dict_keys(['Assignment-7']) retrieved from /opt/airflow/dags/videos_dag.py
[2022-11-16T22:26:08.132+0000] {logging_mixin.py:117} INFO - [2022-11-16T22:26:08.132+0000] {dag.py:2573} INFO - Sync 1 DAGs
[2022-11-16T22:26:08.173+0000] {logging_mixin.py:117} INFO - [2022-11-16T22:26:08.172+0000] {dag.py:3328} INFO - Setting next_dagrun for Assignment-7 to 2022-11-16T22:11:57.391322+00:00, run_after=2022-11-17T22:11:57.391322+00:00
[2022-11-16T22:26:08.208+0000] {processor.py:178} INFO - Processing /opt/airflow/dags/videos_dag.py took 0.181 seconds
[2022-11-16T22:26:38.391+0000] {processor.py:156} INFO - Started process (PID=859) to work on /opt/airflow/dags/videos_dag.py
[2022-11-16T22:26:38.394+0000] {processor.py:758} INFO - Processing file /opt/airflow/dags/videos_dag.py for tasks to queue
[2022-11-16T22:26:38.395+0000] {logging_mixin.py:117} INFO - [2022-11-16T22:26:38.395+0000] {dagbag.py:525} INFO - Filling up the DagBag from /opt/airflow/dags/videos_dag.py
[2022-11-16T22:26:38.450+0000] {processor.py:768} INFO - DAG(s) dict_keys(['Assignment-7']) retrieved from /opt/airflow/dags/videos_dag.py
[2022-11-16T22:26:38.554+0000] {logging_mixin.py:117} INFO - [2022-11-16T22:26:38.554+0000] {dag.py:2573} INFO - Sync 1 DAGs
[2022-11-16T22:26:38.642+0000] {logging_mixin.py:117} INFO - [2022-11-16T22:26:38.641+0000] {dag.py:3328} INFO - Setting next_dagrun for Assignment-7 to 2022-11-16T22:11:57.391322+00:00, run_after=2022-11-17T22:11:57.391322+00:00
[2022-11-16T22:26:38.681+0000] {processor.py:178} INFO - Processing /opt/airflow/dags/videos_dag.py took 0.296 seconds
[2022-11-16T22:27:08.868+0000] {processor.py:156} INFO - Started process (PID=886) to work on /opt/airflow/dags/videos_dag.py
[2022-11-16T22:27:08.869+0000] {processor.py:758} INFO - Processing file /opt/airflow/dags/videos_dag.py for tasks to queue
[2022-11-16T22:27:08.870+0000] {logging_mixin.py:117} INFO - [2022-11-16T22:27:08.870+0000] {dagbag.py:525} INFO - Filling up the DagBag from /opt/airflow/dags/videos_dag.py
[2022-11-16T22:27:08.916+0000] {processor.py:768} INFO - DAG(s) dict_keys(['Assignment-7']) retrieved from /opt/airflow/dags/videos_dag.py
[2022-11-16T22:27:09.051+0000] {logging_mixin.py:117} INFO - [2022-11-16T22:27:09.051+0000] {dag.py:2573} INFO - Sync 1 DAGs
[2022-11-16T22:27:09.125+0000] {logging_mixin.py:117} INFO - [2022-11-16T22:27:09.125+0000] {dag.py:3328} INFO - Setting next_dagrun for Assignment-7 to 2022-11-16T22:11:57.391322+00:00, run_after=2022-11-17T22:11:57.391322+00:00
[2022-11-16T22:27:09.162+0000] {processor.py:178} INFO - Processing /opt/airflow/dags/videos_dag.py took 0.300 seconds
[2022-11-16T22:27:39.381+0000] {processor.py:156} INFO - Started process (PID=906) to work on /opt/airflow/dags/videos_dag.py
[2022-11-16T22:27:39.384+0000] {processor.py:758} INFO - Processing file /opt/airflow/dags/videos_dag.py for tasks to queue
[2022-11-16T22:27:39.385+0000] {logging_mixin.py:117} INFO - [2022-11-16T22:27:39.385+0000] {dagbag.py:525} INFO - Filling up the DagBag from /opt/airflow/dags/videos_dag.py
[2022-11-16T22:27:39.434+0000] {processor.py:768} INFO - DAG(s) dict_keys(['Assignment-7']) retrieved from /opt/airflow/dags/videos_dag.py
[2022-11-16T22:27:39.519+0000] {logging_mixin.py:117} INFO - [2022-11-16T22:27:39.519+0000] {dag.py:2573} INFO - Sync 1 DAGs
[2022-11-16T22:27:39.559+0000] {logging_mixin.py:117} INFO - [2022-11-16T22:27:39.559+0000] {dag.py:3328} INFO - Setting next_dagrun for Assignment-7 to 2022-11-16T22:11:57.391322+00:00, run_after=2022-11-17T22:11:57.391322+00:00
[2022-11-16T22:27:39.591+0000] {processor.py:178} INFO - Processing /opt/airflow/dags/videos_dag.py took 0.216 seconds
